Analysis & Synthesis report for reactiontimer
Tue Dec 07 04:26:13 2021
Quartus Prime Version 20.1.1 Build 720 11/11/2020 SJ Lite Edition


---------------------
; Table of Contents ;
---------------------
  1. Legal Notice
  2. Analysis & Synthesis Summary
  3. Analysis & Synthesis Settings
  4. Parallel Compilation
  5. Analysis & Synthesis Source Files Read
  6. Analysis & Synthesis Resource Usage Summary
  7. Analysis & Synthesis Resource Utilization by Entity
  8. Registers Removed During Synthesis
  9. Removed Registers Triggering Further Register Optimizations
 10. General Register Statistics
 11. Inverted Register Statistics
 12. Multiplexer Restructuring Statistics (Restructuring Performed)
 13. Parameter Settings for Inferred Entity Instance: Mode1:m1|sensor:sn1|sonic:s|lpm_divide:Div0
 14. Port Connectivity Checks: "count:counter5"
 15. Port Connectivity Checks: "Mode2:m2|delayCount:dc2"
 16. Port Connectivity Checks: "Mode1:m1"
 17. Post-Synthesis Netlist Statistics for Top Partition
 18. Elapsed Time Per Partition
 19. Analysis & Synthesis Messages
 20. Analysis & Synthesis Suppressed Messages



----------------
; Legal Notice ;
----------------
Copyright (C) 2020  Intel Corporation. All rights reserved.
Your use of Intel Corporation's design tools, logic functions 
and other software and tools, and any partner logic 
functions, and any output files from any of the foregoing 
(including device programming or simulation files), and any 
associated documentation or information are expressly subject 
to the terms and conditions of the Intel Program License 
Subscription Agreement, the Intel Quartus Prime License Agreement,
the Intel FPGA IP License Agreement, or other applicable license
agreement, including, without limitation, that your use is for
the sole purpose of programming logic devices manufactured by
Intel and sold by Intel or its authorized distributors.  Please
refer to the applicable agreement for further details, at
https://fpgasoftware.intel.com/eula.



+----------------------------------------------------------------------------------+
; Analysis & Synthesis Summary                                                     ;
+------------------------------------+---------------------------------------------+
; Analysis & Synthesis Status        ; Successful - Tue Dec 07 04:26:13 2021       ;
; Quartus Prime Version              ; 20.1.1 Build 720 11/11/2020 SJ Lite Edition ;
; Revision Name                      ; reactiontimer                               ;
; Top-level Entity Name              ; reactiontimer                               ;
; Family                             ; MAX 10                                      ;
; Total logic elements               ; 1,023                                       ;
;     Total combinational functions  ; 993                                         ;
;     Dedicated logic registers      ; 287                                         ;
; Total registers                    ; 287                                         ;
; Total pins                         ; 68                                          ;
; Total virtual pins                 ; 0                                           ;
; Total memory bits                  ; 0                                           ;
; Embedded Multiplier 9-bit elements ; 0                                           ;
; Total PLLs                         ; 0                                           ;
; UFM blocks                         ; 0                                           ;
; ADC blocks                         ; 0                                           ;
+------------------------------------+---------------------------------------------+


+------------------------------------------------------------------------------------------------------------+
; Analysis & Synthesis Settings                                                                              ;
+------------------------------------------------------------------+--------------------+--------------------+
; Option                                                           ; Setting            ; Default Value      ;
+------------------------------------------------------------------+--------------------+--------------------+
; Device                                                           ; 10M50DAF484C6GES   ;                    ;
; Top-level entity name                                            ; reactiontimer      ; reactiontimer      ;
; Family name                                                      ; MAX 10             ; Cyclone V          ;
; Use smart compilation                                            ; Off                ; Off                ;
; Enable parallel Assembler and Timing Analyzer during compilation ; On                 ; On                 ;
; Enable compact report table                                      ; Off                ; Off                ;
; Restructure Multiplexers                                         ; Auto               ; Auto               ;
; Create Debugging Nodes for IP Cores                              ; Off                ; Off                ;
; Preserve fewer node names                                        ; On                 ; On                 ;
; Intel FPGA IP Evaluation Mode                                    ; Enable             ; Enable             ;
; Verilog Version                                                  ; Verilog_2001       ; Verilog_2001       ;
; VHDL Version                                                     ; VHDL_1993          ; VHDL_1993          ;
; State Machine Processing                                         ; Auto               ; Auto               ;
; Safe State Machine                                               ; Off                ; Off                ;
; Extract Verilog State Machines                                   ; On                 ; On                 ;
; Extract VHDL State Machines                                      ; On                 ; On                 ;
; Ignore Verilog initial constructs                                ; Off                ; Off                ;
; Iteration limit for constant Verilog loops                       ; 5000               ; 5000               ;
; Iteration limit for non-constant Verilog loops                   ; 250                ; 250                ;
; Add Pass-Through Logic to Inferred RAMs                          ; On                 ; On                 ;
; Infer RAMs from Raw Logic                                        ; On                 ; On                 ;
; Parallel Synthesis                                               ; On                 ; On                 ;
; DSP Block Balancing                                              ; Auto               ; Auto               ;
; NOT Gate Push-Back                                               ; On                 ; On                 ;
; Power-Up Don't Care                                              ; On                 ; On                 ;
; Remove Redundant Logic Cells                                     ; Off                ; Off                ;
; Remove Duplicate Registers                                       ; On                 ; On                 ;
; Ignore CARRY Buffers                                             ; Off                ; Off                ;
; Ignore CASCADE Buffers                                           ; Off                ; Off                ;
; Ignore GLOBAL Buffers                                            ; Off                ; Off                ;
; Ignore ROW GLOBAL Buffers                                        ; Off                ; Off                ;
; Ignore LCELL Buffers                                             ; Off                ; Off                ;
; Ignore SOFT Buffers                                              ; On                 ; On                 ;
; Limit AHDL Integers to 32 Bits                                   ; Off                ; Off                ;
; Optimization Technique                                           ; Balanced           ; Balanced           ;
; Carry Chain Length                                               ; 70                 ; 70                 ;
; Auto Carry Chains                                                ; On                 ; On                 ;
; Auto Open-Drain Pins                                             ; On                 ; On                 ;
; Perform WYSIWYG Primitive Resynthesis                            ; Off                ; Off                ;
; Auto ROM Replacement                                             ; On                 ; On                 ;
; Auto RAM Replacement                                             ; On                 ; On                 ;
; Auto DSP Block Replacement                                       ; On                 ; On                 ;
; Auto Shift Register Replacement                                  ; Auto               ; Auto               ;
; Allow Shift Register Merging across Hierarchies                  ; Auto               ; Auto               ;
; Auto Clock Enable Replacement                                    ; On                 ; On                 ;
; Strict RAM Replacement                                           ; Off                ; Off                ;
; Allow Synchronous Control Signals                                ; On                 ; On                 ;
; Force Use of Synchronous Clear Signals                           ; Off                ; Off                ;
; Auto RAM Block Balancing                                         ; On                 ; On                 ;
; Auto RAM to Logic Cell Conversion                                ; Off                ; Off                ;
; Auto Resource Sharing                                            ; Off                ; Off                ;
; Allow Any RAM Size For Recognition                               ; Off                ; Off                ;
; Allow Any ROM Size For Recognition                               ; Off                ; Off                ;
; Allow Any Shift Register Size For Recognition                    ; Off                ; Off                ;
; Use LogicLock Constraints during Resource Balancing              ; On                 ; On                 ;
; Ignore translate_off and synthesis_off directives                ; Off                ; Off                ;
; Timing-Driven Synthesis                                          ; On                 ; On                 ;
; Report Parameter Settings                                        ; On                 ; On                 ;
; Report Source Assignments                                        ; On                 ; On                 ;
; Report Connectivity Checks                                       ; On                 ; On                 ;
; Ignore Maximum Fan-Out Assignments                               ; Off                ; Off                ;
; Synchronization Register Chain Length                            ; 2                  ; 2                  ;
; Power Optimization During Synthesis                              ; Normal compilation ; Normal compilation ;
; HDL message level                                                ; Level2             ; Level2             ;
; Suppress Register Optimization Related Messages                  ; Off                ; Off                ;
; Number of Removed Registers Reported in Synthesis Report         ; 5000               ; 5000               ;
; Number of Swept Nodes Reported in Synthesis Report               ; 5000               ; 5000               ;
; Number of Inverted Registers Reported in Synthesis Report        ; 100                ; 100                ;
; Clock MUX Protection                                             ; On                 ; On                 ;
; Auto Gated Clock Conversion                                      ; Off                ; Off                ;
; Block Design Naming                                              ; Auto               ; Auto               ;
; SDC constraint protection                                        ; Off                ; Off                ;
; Synthesis Effort                                                 ; Auto               ; Auto               ;
; Shift Register Replacement - Allow Asynchronous Clear Signal     ; On                 ; On                 ;
; Pre-Mapping Resynthesis Optimization                             ; Off                ; Off                ;
; Analysis & Synthesis Message Level                               ; Medium             ; Medium             ;
; Disable Register Merging Across Hierarchies                      ; Auto               ; Auto               ;
; Resource Aware Inference For Block RAM                           ; On                 ; On                 ;
+------------------------------------------------------------------+--------------------+--------------------+


+------------------------------------------+
; Parallel Compilation                     ;
+----------------------------+-------------+
; Processors                 ; Number      ;
+----------------------------+-------------+
; Number detected on machine ; 8           ;
; Maximum allowed            ; 4           ;
;                            ;             ;
; Average used               ; 1.00        ;
; Maximum used               ; 4           ;
;                            ;             ;
; Usage by Processor         ; % Time Used ;
;     Processor 1            ; 100.0%      ;
;     Processor 2            ;   0.1%      ;
;     Processors 3-4         ;   0.0%      ;
+----------------------------+-------------+


+--------------------------------------------------------------------------------------------------------------------------------------------------------------------------+
; Analysis & Synthesis Source Files Read                                                                                                                                   ;
+----------------------------------+-----------------+------------------------------+----------------------------------------------------------------------------+---------+
; File Name with User-Entered Path ; Used in Netlist ; File Type                    ; File Name with Absolute Path                                               ; Library ;
+----------------------------------+-----------------+------------------------------+----------------------------------------------------------------------------+---------+
; ClockDivider.v                   ; yes             ; User Verilog HDL File        ; C:/intelFPGA_lite/project/ClockDivider.v                                   ;         ;
; Mode1.v                          ; yes             ; User Verilog HDL File        ; C:/intelFPGA_lite/project/Mode1.v                                          ;         ;
; linearshiftR.v                   ; yes             ; User Verilog HDL File        ; C:/intelFPGA_lite/project/linearshiftR.v                                   ;         ;
; delayCount.v                     ; yes             ; User Verilog HDL File        ; C:/intelFPGA_lite/project/delayCount.v                                     ;         ;
; highscore.v                      ; yes             ; User Verilog HDL File        ; C:/intelFPGA_lite/project/highscore.v                                      ;         ;
; decoder.v                        ; yes             ; User Verilog HDL File        ; C:/intelFPGA_lite/project/decoder.v                                        ;         ;
; Mode2.v                          ; yes             ; User Verilog HDL File        ; C:/intelFPGA_lite/project/Mode2.v                                          ;         ;
; compareLED.v                     ; yes             ; User Verilog HDL File        ; C:/intelFPGA_lite/project/compareLED.v                                     ;         ;
; statemachine.v                   ; yes             ; User Verilog HDL File        ; C:/intelFPGA_lite/project/statemachine.v                                   ;         ;
; shifter.v                        ; yes             ; User Verilog HDL File        ; C:/intelFPGA_lite/project/shifter.v                                        ;         ;
; reactiontimer.v                  ; yes             ; User Verilog HDL File        ; C:/intelFPGA_lite/project/reactiontimer.v                                  ;         ;
; count.v                          ; yes             ; User Verilog HDL File        ; C:/intelFPGA_lite/project/count.v                                          ;         ;
; multiplexer.v                    ; yes             ; User Verilog HDL File        ; C:/intelFPGA_lite/project/multiplexer.v                                    ;         ;
; statereset.v                     ; yes             ; User Verilog HDL File        ; C:/intelFPGA_lite/project/statereset.v                                     ;         ;
; sonic.v                          ; yes             ; User Verilog HDL File        ; C:/intelFPGA_lite/project/sonic.v                                          ;         ;
; sensor.v                         ; yes             ; User Verilog HDL File        ; C:/intelFPGA_lite/project/sensor.v                                         ;         ;
; lpm_divide.tdf                   ; yes             ; Megafunction                 ; c:/intelfpga_lite/20.1/quartus/libraries/megafunctions/lpm_divide.tdf      ;         ;
; abs_divider.inc                  ; yes             ; Megafunction                 ; c:/intelfpga_lite/20.1/quartus/libraries/megafunctions/abs_divider.inc     ;         ;
; sign_div_unsign.inc              ; yes             ; Megafunction                 ; c:/intelfpga_lite/20.1/quartus/libraries/megafunctions/sign_div_unsign.inc ;         ;
; aglobal201.inc                   ; yes             ; Megafunction                 ; c:/intelfpga_lite/20.1/quartus/libraries/megafunctions/aglobal201.inc      ;         ;
; db/lpm_divide_ptl.tdf            ; yes             ; Auto-Generated Megafunction  ; C:/intelFPGA_lite/project/db/lpm_divide_ptl.tdf                            ;         ;
; db/sign_div_unsign_rlh.tdf       ; yes             ; Auto-Generated Megafunction  ; C:/intelFPGA_lite/project/db/sign_div_unsign_rlh.tdf                       ;         ;
; db/alt_u_div_0ie.tdf             ; yes             ; Auto-Generated Megafunction  ; C:/intelFPGA_lite/project/db/alt_u_div_0ie.tdf                             ;         ;
; db/add_sub_t3c.tdf               ; yes             ; Auto-Generated Megafunction  ; C:/intelFPGA_lite/project/db/add_sub_t3c.tdf                               ;         ;
; db/add_sub_u3c.tdf               ; yes             ; Auto-Generated Megafunction  ; C:/intelFPGA_lite/project/db/add_sub_u3c.tdf                               ;         ;
+----------------------------------+-----------------+------------------------------+----------------------------------------------------------------------------+---------+


+---------------------------------------------------------+
; Analysis & Synthesis Resource Usage Summary             ;
+---------------------------------------------+-----------+
; Resource                                    ; Usage     ;
+---------------------------------------------+-----------+
; Estimated Total logic elements              ; 1,023     ;
;                                             ;           ;
; Total combinational functions               ; 993       ;
; Logic element usage by number of LUT inputs ;           ;
;     -- 4 input functions                    ; 319       ;
;     -- 3 input functions                    ; 256       ;
;     -- <=2 input functions                  ; 418       ;
;                                             ;           ;
; Logic elements by mode                      ;           ;
;     -- normal mode                          ; 697       ;
;     -- arithmetic mode                      ; 296       ;
;                                             ;           ;
; Total registers                             ; 287       ;
;     -- Dedicated logic registers            ; 287       ;
;     -- I/O registers                        ; 0         ;
;                                             ;           ;
; I/O pins                                    ; 68        ;
;                                             ;           ;
; Embedded Multiplier 9-bit elements          ; 0         ;
;                                             ;           ;
; Maximum fan-out node                        ; cin~input ;
; Maximum fan-out                             ; 147       ;
; Total fan-out                               ; 3665      ;
; Average fan-out                             ; 2.59      ;
+---------------------------------------------+-----------+


+----------------------------------------------------------------------------------------------------------------------------------------------------------------------------------------------------------------------------------------------------------------------------------------------------------------------------------------------------------------------------------------+
; Analysis & Synthesis Resource Utilization by Entity                                                                                                                                                                                                                                                                                                                                    ;
+-------------------------------------------------+---------------------+---------------------------+-------------+------------+--------------+---------+-----------+------+--------------+------------+--------------------------------------------------------------------------------------------------------------------------------------------+---------------------+--------------+
; Compilation Hierarchy Node                      ; Combinational ALUTs ; Dedicated Logic Registers ; Memory Bits ; UFM Blocks ; DSP Elements ; DSP 9x9 ; DSP 18x18 ; Pins ; Virtual Pins ; ADC blocks ; Full Hierarchy Name                                                                                                                        ; Entity Name         ; Library Name ;
+-------------------------------------------------+---------------------+---------------------------+-------------+------------+--------------+---------+-----------+------+--------------+------------+--------------------------------------------------------------------------------------------------------------------------------------------+---------------------+--------------+
; |reactiontimer                                  ; 993 (12)            ; 287 (1)                   ; 0           ; 0          ; 0            ; 0       ; 0         ; 68   ; 0            ; 0          ; |reactiontimer                                                                                                                             ; reactiontimer       ; work         ;
;    |ClockDivider:cd|                            ; 28 (28)             ; 16 (16)                   ; 0           ; 0          ; 0            ; 0       ; 0         ; 0    ; 0            ; 0          ; |reactiontimer|ClockDivider:cd                                                                                                             ; ClockDivider        ; work         ;
;    |Mode1:m1|                                   ; 716 (3)             ; 176 (3)                   ; 0           ; 0          ; 0            ; 0       ; 0         ; 0    ; 0            ; 0          ; |reactiontimer|Mode1:m1                                                                                                                    ; Mode1               ; work         ;
;       |delayCount:dc|                           ; 53 (53)             ; 13 (13)                   ; 0           ; 0          ; 0            ; 0       ; 0         ; 0    ; 0            ; 0          ; |reactiontimer|Mode1:m1|delayCount:dc                                                                                                      ; delayCount          ; work         ;
;       |highscore:hs1|                           ; 66 (66)             ; 24 (24)                   ; 0           ; 0          ; 0            ; 0       ; 0         ; 0    ; 0            ; 0          ; |reactiontimer|Mode1:m1|highscore:hs1                                                                                                      ; highscore           ; work         ;
;       |linearshiftR:lsr1|                       ; 15 (15)             ; 12 (12)                   ; 0           ; 0          ; 0            ; 0       ; 0         ; 0    ; 0            ; 0          ; |reactiontimer|Mode1:m1|linearshiftR:lsr1                                                                                                  ; linearshiftR        ; work         ;
;       |sensor:sn1|                              ; 579 (9)             ; 124 (25)                  ; 0           ; 0          ; 0            ; 0       ; 0         ; 0    ; 0            ; 0          ; |reactiontimer|Mode1:m1|sensor:sn1                                                                                                         ; sensor              ; work         ;
;          |ClockDivider:comb_3|                  ; 1 (1)               ; 1 (1)                     ; 0           ; 0          ; 0            ; 0       ; 0         ; 0    ; 0            ; 0          ; |reactiontimer|Mode1:m1|sensor:sn1|ClockDivider:comb_3                                                                                     ; ClockDivider        ; work         ;
;          |sonic:s|                              ; 569 (133)           ; 98 (98)                   ; 0           ; 0          ; 0            ; 0       ; 0         ; 0    ; 0            ; 0          ; |reactiontimer|Mode1:m1|sensor:sn1|sonic:s                                                                                                 ; sonic               ; work         ;
;             |lpm_divide:Div0|                   ; 436 (0)             ; 0 (0)                     ; 0           ; 0          ; 0            ; 0       ; 0         ; 0    ; 0            ; 0          ; |reactiontimer|Mode1:m1|sensor:sn1|sonic:s|lpm_divide:Div0                                                                                 ; lpm_divide          ; work         ;
;                |lpm_divide_ptl:auto_generated|  ; 436 (0)             ; 0 (0)                     ; 0           ; 0          ; 0            ; 0       ; 0         ; 0    ; 0            ; 0          ; |reactiontimer|Mode1:m1|sensor:sn1|sonic:s|lpm_divide:Div0|lpm_divide_ptl:auto_generated                                                   ; lpm_divide_ptl      ; work         ;
;                   |sign_div_unsign_rlh:divider| ; 436 (0)             ; 0 (0)                     ; 0           ; 0          ; 0            ; 0       ; 0         ; 0    ; 0            ; 0          ; |reactiontimer|Mode1:m1|sensor:sn1|sonic:s|lpm_divide:Div0|lpm_divide_ptl:auto_generated|sign_div_unsign_rlh:divider                       ; sign_div_unsign_rlh ; work         ;
;                      |alt_u_div_0ie:divider|    ; 436 (436)           ; 0 (0)                     ; 0           ; 0          ; 0            ; 0       ; 0         ; 0    ; 0            ; 0          ; |reactiontimer|Mode1:m1|sensor:sn1|sonic:s|lpm_divide:Div0|lpm_divide_ptl:auto_generated|sign_div_unsign_rlh:divider|alt_u_div_0ie:divider ; alt_u_div_0ie       ; work         ;
;    |Mode2:m2|                                   ; 107 (2)             ; 59 (3)                    ; 0           ; 0          ; 0            ; 0       ; 0         ; 0    ; 0            ; 0          ; |reactiontimer|Mode2:m2                                                                                                                    ; Mode2               ; work         ;
;       |compareLED:cl1|                          ; 6 (6)               ; 1 (1)                     ; 0           ; 0          ; 0            ; 0       ; 0         ; 0    ; 0            ; 0          ; |reactiontimer|Mode2:m2|compareLED:cl1                                                                                                     ; compareLED          ; work         ;
;       |delayCount:dc2|                          ; 24 (24)             ; 13 (13)                   ; 0           ; 0          ; 0            ; 0       ; 0         ; 0    ; 0            ; 0          ; |reactiontimer|Mode2:m2|delayCount:dc2                                                                                                     ; delayCount          ; work         ;
;       |highscore:hs2|                           ; 59 (59)             ; 25 (25)                   ; 0           ; 0          ; 0            ; 0       ; 0         ; 0    ; 0            ; 0          ; |reactiontimer|Mode2:m2|highscore:hs2                                                                                                      ; highscore           ; work         ;
;       |lightdecoder:ledseries|                  ; 11 (11)             ; 8 (8)                     ; 0           ; 0          ; 0            ; 0       ; 0         ; 0    ; 0            ; 0          ; |reactiontimer|Mode2:m2|lightdecoder:ledseries                                                                                             ; lightdecoder        ; work         ;
;       |shifter:register1|                       ; 2 (2)               ; 4 (4)                     ; 0           ; 0          ; 0            ; 0       ; 0         ; 0    ; 0            ; 0          ; |reactiontimer|Mode2:m2|shifter:register1                                                                                                  ; shifter             ; work         ;
;       |shifter:register2|                       ; 2 (2)               ; 4 (4)                     ; 0           ; 0          ; 0            ; 0       ; 0         ; 0    ; 0            ; 0          ; |reactiontimer|Mode2:m2|shifter:register2                                                                                                  ; shifter             ; work         ;
;       |statemachine:sm1|                        ; 1 (1)               ; 1 (1)                     ; 0           ; 0          ; 0            ; 0       ; 0         ; 0    ; 0            ; 0          ; |reactiontimer|Mode2:m2|statemachine:sm1                                                                                                   ; statemachine        ; work         ;
;    |count:counter0|                             ; 7 (7)               ; 5 (5)                     ; 0           ; 0          ; 0            ; 0       ; 0         ; 0    ; 0            ; 0          ; |reactiontimer|count:counter0                                                                                                              ; count               ; work         ;
;    |count:counter1|                             ; 6 (6)               ; 5 (5)                     ; 0           ; 0          ; 0            ; 0       ; 0         ; 0    ; 0            ; 0          ; |reactiontimer|count:counter1                                                                                                              ; count               ; work         ;
;    |count:counter2|                             ; 6 (6)               ; 5 (5)                     ; 0           ; 0          ; 0            ; 0       ; 0         ; 0    ; 0            ; 0          ; |reactiontimer|count:counter2                                                                                                              ; count               ; work         ;
;    |count:counter3|                             ; 6 (6)               ; 5 (5)                     ; 0           ; 0          ; 0            ; 0       ; 0         ; 0    ; 0            ; 0          ; |reactiontimer|count:counter3                                                                                                              ; count               ; work         ;
;    |count:counter4|                             ; 6 (6)               ; 5 (5)                     ; 0           ; 0          ; 0            ; 0       ; 0         ; 0    ; 0            ; 0          ; |reactiontimer|count:counter4                                                                                                              ; count               ; work         ;
;    |count:counter5|                             ; 4 (4)               ; 4 (4)                     ; 0           ; 0          ; 0            ; 0       ; 0         ; 0    ; 0            ; 0          ; |reactiontimer|count:counter5                                                                                                              ; count               ; work         ;
;    |decoder:digit0|                             ; 7 (7)               ; 0 (0)                     ; 0           ; 0          ; 0            ; 0       ; 0         ; 0    ; 0            ; 0          ; |reactiontimer|decoder:digit0                                                                                                              ; decoder             ; work         ;
;    |decoder:digit1|                             ; 7 (7)               ; 0 (0)                     ; 0           ; 0          ; 0            ; 0       ; 0         ; 0    ; 0            ; 0          ; |reactiontimer|decoder:digit1                                                                                                              ; decoder             ; work         ;
;    |decoder:digit2|                             ; 7 (7)               ; 0 (0)                     ; 0           ; 0          ; 0            ; 0       ; 0         ; 0    ; 0            ; 0          ; |reactiontimer|decoder:digit2                                                                                                              ; decoder             ; work         ;
;    |decoder:digit3|                             ; 7 (7)               ; 0 (0)                     ; 0           ; 0          ; 0            ; 0       ; 0         ; 0    ; 0            ; 0          ; |reactiontimer|decoder:digit3                                                                                                              ; decoder             ; work         ;
;    |decoder:digit4|                             ; 7 (7)               ; 0 (0)                     ; 0           ; 0          ; 0            ; 0       ; 0         ; 0    ; 0            ; 0          ; |reactiontimer|decoder:digit4                                                                                                              ; decoder             ; work         ;
;    |decoder:digit5|                             ; 7 (7)               ; 0 (0)                     ; 0           ; 0          ; 0            ; 0       ; 0         ; 0    ; 0            ; 0          ; |reactiontimer|decoder:digit5                                                                                                              ; decoder             ; work         ;
;    |multiplexer:mux0|                           ; 8 (8)               ; 0 (0)                     ; 0           ; 0          ; 0            ; 0       ; 0         ; 0    ; 0            ; 0          ; |reactiontimer|multiplexer:mux0                                                                                                            ; multiplexer         ; work         ;
;    |multiplexer:mux1|                           ; 8 (8)               ; 0 (0)                     ; 0           ; 0          ; 0            ; 0       ; 0         ; 0    ; 0            ; 0          ; |reactiontimer|multiplexer:mux1                                                                                                            ; multiplexer         ; work         ;
;    |multiplexer:mux2|                           ; 8 (8)               ; 0 (0)                     ; 0           ; 0          ; 0            ; 0       ; 0         ; 0    ; 0            ; 0          ; |reactiontimer|multiplexer:mux2                                                                                                            ; multiplexer         ; work         ;
;    |multiplexer:mux3|                           ; 8 (8)               ; 0 (0)                     ; 0           ; 0          ; 0            ; 0       ; 0         ; 0    ; 0            ; 0          ; |reactiontimer|multiplexer:mux3                                                                                                            ; multiplexer         ; work         ;
;    |multiplexer:mux4|                           ; 8 (8)               ; 0 (0)                     ; 0           ; 0          ; 0            ; 0       ; 0         ; 0    ; 0            ; 0          ; |reactiontimer|multiplexer:mux4                                                                                                            ; multiplexer         ; work         ;
;    |multiplexer:mux5|                           ; 8 (8)               ; 0 (0)                     ; 0           ; 0          ; 0            ; 0       ; 0         ; 0    ; 0            ; 0          ; |reactiontimer|multiplexer:mux5                                                                                                            ; multiplexer         ; work         ;
;    |statereset:sr1|                             ; 2 (2)               ; 3 (3)                     ; 0           ; 0          ; 0            ; 0       ; 0         ; 0    ; 0            ; 0          ; |reactiontimer|statereset:sr1                                                                                                              ; statereset          ; work         ;
;    |statereset:sr2|                             ; 3 (3)               ; 3 (3)                     ; 0           ; 0          ; 0            ; 0       ; 0         ; 0    ; 0            ; 0          ; |reactiontimer|statereset:sr2                                                                                                              ; statereset          ; work         ;
+-------------------------------------------------+---------------------+---------------------------+-------------+------------+--------------+---------+-----------+------+--------------+------------+--------------------------------------------------------------------------------------------------------------------------------------------+---------------------+--------------+
Note: For table entries with two numbers listed, the numbers in parentheses indicate the number of resources of the given type used by the specific entity alone. The numbers listed outside of parentheses indicate the total resources of the given type used by the specific entity and all of its sub-entities in the hierarchy.


+-----------------------------------------------------------------------------------------------------------+
; Registers Removed During Synthesis                                                                        ;
+---------------------------------------------------+-------------------------------------------------------+
; Register name                                     ; Reason for Removal                                    ;
+---------------------------------------------------+-------------------------------------------------------+
; Mode1:m1|highscore:hs1|x                          ; Merged with Mode2:m2|highscore:hs2|x                  ;
; Mode1:m1|light1[0..9]                             ; Merged with Mode1:m1|activation                       ;
; Mode2:m2|lightdecoder:ledseries|light2[9]         ; Merged with Mode2:m2|lightdecoder:ledseries|light2[8] ;
; Mode1:m1|sensor:sn1|ClockDivider:comb_3|count[14] ; Merged with ClockDivider:cd|count[14]                 ;
; Mode1:m1|sensor:sn1|ClockDivider:comb_3|count[13] ; Merged with ClockDivider:cd|count[13]                 ;
; Mode1:m1|sensor:sn1|ClockDivider:comb_3|count[8]  ; Merged with ClockDivider:cd|count[8]                  ;
; Mode1:m1|sensor:sn1|ClockDivider:comb_3|count[7]  ; Merged with ClockDivider:cd|count[7]                  ;
; Mode1:m1|sensor:sn1|ClockDivider:comb_3|count[5]  ; Merged with ClockDivider:cd|count[5]                  ;
; Mode1:m1|sensor:sn1|ClockDivider:comb_3|count[3]  ; Merged with ClockDivider:cd|count[3]                  ;
; Mode1:m1|sensor:sn1|ClockDivider:comb_3|count[12] ; Merged with ClockDivider:cd|count[12]                 ;
; Mode1:m1|sensor:sn1|ClockDivider:comb_3|count[11] ; Merged with ClockDivider:cd|count[11]                 ;
; Mode1:m1|sensor:sn1|ClockDivider:comb_3|count[10] ; Merged with ClockDivider:cd|count[10]                 ;
; Mode1:m1|sensor:sn1|ClockDivider:comb_3|count[9]  ; Merged with ClockDivider:cd|count[9]                  ;
; Mode1:m1|sensor:sn1|ClockDivider:comb_3|count[6]  ; Merged with ClockDivider:cd|count[6]                  ;
; Mode1:m1|sensor:sn1|ClockDivider:comb_3|count[4]  ; Merged with ClockDivider:cd|count[4]                  ;
; Mode1:m1|sensor:sn1|ClockDivider:comb_3|count[2]  ; Merged with ClockDivider:cd|count[2]                  ;
; Mode1:m1|sensor:sn1|ClockDivider:comb_3|count[1]  ; Merged with ClockDivider:cd|count[1]                  ;
; Mode1:m1|sensor:sn1|ClockDivider:comb_3|count[0]  ; Merged with ClockDivider:cd|count[0]                  ;
; Mode2:m2|lightdecoder:ledseries|light2[8]         ; Stuck at GND due to stuck port data_in                ;
; Mode1:m1|sensor:sn1|b[0]                          ; Lost fanout                                           ;
; Mode1:m1|sensor:sn1|sonic:s|distance[0]           ; Lost fanout                                           ;
; Mode1:m1|sensor:sn1|b[1]                          ; Lost fanout                                           ;
; Mode1:m1|sensor:sn1|sonic:s|distance[1]           ; Lost fanout                                           ;
; Mode1:m1|sensor:sn1|b[2]                          ; Lost fanout                                           ;
; Mode1:m1|sensor:sn1|sonic:s|distance[2]           ; Lost fanout                                           ;
; Mode1:m1|sensor:sn1|b[3]                          ; Lost fanout                                           ;
; Mode1:m1|sensor:sn1|sonic:s|distance[3]           ; Lost fanout                                           ;
; Mode1:m1|sensor:sn1|sonic:s|forty_ms_cnt[0]       ; Merged with Mode1:m1|sensor:sn1|sonic:s|ten_us_cnt[0] ;
; Mode1:m1|sensor:sn1|sonic:s|one_us_cnt[0]         ; Merged with Mode1:m1|sensor:sn1|sonic:s|ten_us_cnt[0] ;
; Mode1:m1|sensor:sn1|sonic:s|distance[28..32]      ; Stuck at GND due to stuck port data_in                ;
; Mode1:m1|sensor:sn1|b[28..32]                     ; Stuck at GND due to stuck port data_in                ;
; Total Number of Removed Registers = 48            ;                                                       ;
+---------------------------------------------------+-------------------------------------------------------+


+----------------------------------------------------------------------------------------------------------------+
; Removed Registers Triggering Further Register Optimizations                                                    ;
+------------------------------------------+---------------------------+-----------------------------------------+
; Register name                            ; Reason for Removal        ; Registers Removed due to This Register  ;
+------------------------------------------+---------------------------+-----------------------------------------+
; Mode1:m1|sensor:sn1|b[0]                 ; Lost Fanouts              ; Mode1:m1|sensor:sn1|sonic:s|distance[0] ;
; Mode1:m1|sensor:sn1|b[1]                 ; Lost Fanouts              ; Mode1:m1|sensor:sn1|sonic:s|distance[1] ;
; Mode1:m1|sensor:sn1|b[2]                 ; Lost Fanouts              ; Mode1:m1|sensor:sn1|sonic:s|distance[2] ;
; Mode1:m1|sensor:sn1|b[3]                 ; Lost Fanouts              ; Mode1:m1|sensor:sn1|sonic:s|distance[3] ;
; Mode1:m1|sensor:sn1|sonic:s|distance[28] ; Stuck at GND              ; Mode1:m1|sensor:sn1|b[28]               ;
;                                          ; due to stuck port data_in ;                                         ;
; Mode1:m1|sensor:sn1|sonic:s|distance[29] ; Stuck at GND              ; Mode1:m1|sensor:sn1|b[29]               ;
;                                          ; due to stuck port data_in ;                                         ;
; Mode1:m1|sensor:sn1|sonic:s|distance[30] ; Stuck at GND              ; Mode1:m1|sensor:sn1|b[30]               ;
;                                          ; due to stuck port data_in ;                                         ;
; Mode1:m1|sensor:sn1|sonic:s|distance[31] ; Stuck at GND              ; Mode1:m1|sensor:sn1|b[31]               ;
;                                          ; due to stuck port data_in ;                                         ;
; Mode1:m1|sensor:sn1|sonic:s|distance[32] ; Stuck at GND              ; Mode1:m1|sensor:sn1|b[32]               ;
;                                          ; due to stuck port data_in ;                                         ;
+------------------------------------------+---------------------------+-----------------------------------------+


+------------------------------------------------------+
; General Register Statistics                          ;
+----------------------------------------------+-------+
; Statistic                                    ; Value ;
+----------------------------------------------+-------+
; Total registers                              ; 287   ;
; Number of registers using Synchronous Clear  ; 36    ;
; Number of registers using Synchronous Load   ; 0     ;
; Number of registers using Asynchronous Clear ; 51    ;
; Number of registers using Asynchronous Load  ; 0     ;
; Number of registers using Clock Enable       ; 112   ;
; Number of registers using Preset             ; 0     ;
+----------------------------------------------+-------+


+---------------------------------------------------+
; Inverted Register Statistics                      ;
+-----------------------------------------+---------+
; Inverted Register                       ; Fan out ;
+-----------------------------------------+---------+
; Mode2:m2|shifter:register2|c[0]         ; 2       ;
; Mode2:m2|shifter:register1|c[0]         ; 2       ;
; Mode2:m2|delayCount:dc2|counter[10]     ; 2       ;
; Mode2:m2|delayCount:dc2|counter[8]      ; 2       ;
; Mode2:m2|delayCount:dc2|counter[7]      ; 2       ;
; Mode2:m2|delayCount:dc2|counter[6]      ; 2       ;
; Mode2:m2|delayCount:dc2|counter[4]      ; 2       ;
; Mode2:m2|delayCount:dc2|counter[3]      ; 2       ;
; Mode2:m2|delayCount:dc2|counter[2]      ; 2       ;
; Mode1:m1|linearshiftR:lsr1|r[10]        ; 4       ;
; Mode1:m1|linearshiftR:lsr1|r[7]         ; 4       ;
; Mode1:m1|linearshiftR:lsr1|r[5]         ; 5       ;
; Mode1:m1|linearshiftR:lsr1|r[3]         ; 4       ;
; Mode1:m1|linearshiftR:lsr1|r[2]         ; 4       ;
; Mode1:m1|linearshiftR:lsr1|r[0]         ; 4       ;
; Total number of inverted registers = 15 ;         ;
+-----------------------------------------+---------+


+------------------------------------------------------------------------------------------------------------------------------------------------------------------------+
; Multiplexer Restructuring Statistics (Restructuring Performed)                                                                                                         ;
+--------------------+-----------+---------------+----------------------+------------------------+------------+----------------------------------------------------------+
; Multiplexer Inputs ; Bus Width ; Baseline Area ; Area if Restructured ; Saving if Restructured ; Registered ; Example Multiplexer Output                               ;
+--------------------+-----------+---------------+----------------------+------------------------+------------+----------------------------------------------------------+
; 3:1                ; 24 bits   ; 48 LEs        ; 24 LEs               ; 24 LEs                 ; Yes        ; |reactiontimer|Mode1:m1|highscore:hs1|hs[10]             ;
; 3:1                ; 24 bits   ; 48 LEs        ; 24 LEs               ; 24 LEs                 ; Yes        ; |reactiontimer|Mode2:m2|highscore:hs2|hs[18]             ;
; 3:1                ; 8 bits    ; 16 LEs        ; 8 LEs                ; 8 LEs                  ; Yes        ; |reactiontimer|Mode2:m2|lightdecoder:ledseries|light2[0] ;
; 3:1                ; 33 bits   ; 66 LEs        ; 33 LEs               ; 33 LEs                 ; Yes        ; |reactiontimer|Mode1:m1|sensor:sn1|sonic:s|us_counter[4] ;
; 3:1                ; 24 bits   ; 48 LEs        ; 48 LEs               ; 0 LEs                  ; No         ; |reactiontimer|multiplexer:mux3|result[0]                ;
+--------------------+-----------+---------------+----------------------+------------------------+------------+----------------------------------------------------------+


+----------------------------------------------------------------------------------------------+
; Parameter Settings for Inferred Entity Instance: Mode1:m1|sensor:sn1|sonic:s|lpm_divide:Div0 ;
+------------------------+----------------+----------------------------------------------------+
; Parameter Name         ; Value          ; Type                                               ;
+------------------------+----------------+----------------------------------------------------+
; LPM_WIDTHN             ; 33             ; Untyped                                            ;
; LPM_WIDTHD             ; 6              ; Untyped                                            ;
; LPM_NREPRESENTATION    ; UNSIGNED       ; Untyped                                            ;
; LPM_DREPRESENTATION    ; UNSIGNED       ; Untyped                                            ;
; LPM_PIPELINE           ; 0              ; Untyped                                            ;
; LPM_REMAINDERPOSITIVE  ; TRUE           ; Untyped                                            ;
; MAXIMIZE_SPEED         ; 5              ; Untyped                                            ;
; CBXI_PARAMETER         ; lpm_divide_ptl ; Untyped                                            ;
; CARRY_CHAIN            ; MANUAL         ; Untyped                                            ;
; OPTIMIZE_FOR_SPEED     ; 5              ; Untyped                                            ;
; AUTO_CARRY_CHAINS      ; ON             ; AUTO_CARRY                                         ;
; IGNORE_CARRY_BUFFERS   ; OFF            ; IGNORE_CARRY                                       ;
; AUTO_CASCADE_CHAINS    ; ON             ; AUTO_CASCADE                                       ;
; IGNORE_CASCADE_BUFFERS ; OFF            ; IGNORE_CASCADE                                     ;
+------------------------+----------------+----------------------------------------------------+
Note: In order to hide this table in the UI and the text report file, please set the "Show Parameter Settings in Synthesis Report" option in "Analysis and Synthesis Settings -> More Settings" to "Off".


+----------------------------------------------------------------------------------------------------------------+
; Port Connectivity Checks: "count:counter5"                                                                     ;
+------+--------+----------+-------------------------------------------------------------------------------------+
; Port ; Type   ; Severity ; Details                                                                             ;
+------+--------+----------+-------------------------------------------------------------------------------------+
; cout ; Output ; Info     ; Connected to dangling logic. Logic that only feeds a dangling port will be removed. ;
+------+--------+----------+-------------------------------------------------------------------------------------+


+-----------------------------------------------------+
; Port Connectivity Checks: "Mode2:m2|delayCount:dc2" ;
+---------+-------+----------+------------------------+
; Port    ; Type  ; Severity ; Details                ;
+---------+-------+----------+------------------------+
; r[8..6] ; Input ; Info     ; Stuck at VCC           ;
; r[4..2] ; Input ; Info     ; Stuck at VCC           ;
; r[1..0] ; Input ; Info     ; Stuck at GND           ;
; r[11]   ; Input ; Info     ; Stuck at GND           ;
; r[10]   ; Input ; Info     ; Stuck at VCC           ;
; r[9]    ; Input ; Info     ; Stuck at GND           ;
; r[5]    ; Input ; Info     ; Stuck at GND           ;
+---------+-------+----------+------------------------+


+------------------------------------------------------------------------------------------------------------------------------------------------------------------------------------------------------------+
; Port Connectivity Checks: "Mode1:m1"                                                                                                                                                                       ;
+------+-------+----------+----------------------------------------------------------------------------------------------------------------------------------------------------------------------------------+
; Port ; Type  ; Severity ; Details                                                                                                                                                                          ;
+------+-------+----------+----------------------------------------------------------------------------------------------------------------------------------------------------------------------------------+
; key  ; Input ; Warning  ; Input port expression (2 bits) is wider than the input port (1 bits) it drives.  The 1 most-significant bit(s) in the expression will be dangling if they have no other fanouts. ;
+------+-------+----------+----------------------------------------------------------------------------------------------------------------------------------------------------------------------------------+


+-----------------------------------------------------+
; Post-Synthesis Netlist Statistics for Top Partition ;
+-----------------------+-----------------------------+
; Type                  ; Count                       ;
+-----------------------+-----------------------------+
; boundary_port         ; 68                          ;
; cycloneiii_ff         ; 287                         ;
;     CLR               ; 11                          ;
;     ENA               ; 39                          ;
;     ENA CLR           ; 40                          ;
;     ENA SCLR          ; 33                          ;
;     SCLR              ; 3                           ;
;     plain             ; 161                         ;
; cycloneiii_lcell_comb ; 1000                        ;
;     arith             ; 296                         ;
;         2 data inputs ; 96                          ;
;         3 data inputs ; 200                         ;
;     normal            ; 704                         ;
;         0 data inputs ; 25                          ;
;         1 data inputs ; 67                          ;
;         2 data inputs ; 237                         ;
;         3 data inputs ; 56                          ;
;         4 data inputs ; 319                         ;
;                       ;                             ;
; Max LUT depth         ; 61.30                       ;
; Average LUT depth     ; 25.43                       ;
+-----------------------+-----------------------------+


+-------------------------------+
; Elapsed Time Per Partition    ;
+----------------+--------------+
; Partition Name ; Elapsed Time ;
+----------------+--------------+
; Top            ; 00:00:01     ;
+----------------+--------------+


+-------------------------------+
; Analysis & Synthesis Messages ;
+-------------------------------+
Info: *******************************************************************
Info: Running Quartus Prime Analysis & Synthesis
    Info: Version 20.1.1 Build 720 11/11/2020 SJ Lite Edition
    Info: Processing started: Tue Dec 07 04:26:02 2021
Info: Command: quartus_map --read_settings_files=on --write_settings_files=off reactiontimer -c reactiontimer
Warning (18236): Number of processors has not been specified which may cause overloading on shared machines.  Set the global assignment NUM_PARALLEL_PROCESSORS in your QSF to an appropriate value for best performance.
Info (20030): Parallel compilation is enabled and will use 4 of the 4 processors detected
Info (12021): Found 1 design units, including 1 entities, in source file clockdivider.v
    Info (12023): Found entity 1: ClockDivider File: C:/intelFPGA_lite/project/ClockDivider.v Line: 1
Info (12021): Found 1 design units, including 1 entities, in source file mode1.v
    Info (12023): Found entity 1: Mode1 File: C:/intelFPGA_lite/project/Mode1.v Line: 1
Info (12021): Found 1 design units, including 1 entities, in source file linearshiftr.v
    Info (12023): Found entity 1: linearshiftR File: C:/intelFPGA_lite/project/linearshiftR.v Line: 1
Info (12021): Found 1 design units, including 1 entities, in source file delaycount.v
    Info (12023): Found entity 1: delayCount File: C:/intelFPGA_lite/project/delayCount.v Line: 1
Info (12021): Found 1 design units, including 1 entities, in source file highscore.v
    Info (12023): Found entity 1: highscore File: C:/intelFPGA_lite/project/highscore.v Line: 1
Info (12021): Found 2 design units, including 2 entities, in source file decoder.v
    Info (12023): Found entity 1: decoder File: C:/intelFPGA_lite/project/decoder.v Line: 4
    Info (12023): Found entity 2: lightdecoder File: C:/intelFPGA_lite/project/decoder.v Line: 30
Info (12021): Found 1 design units, including 1 entities, in source file mode2.v
    Info (12023): Found entity 1: Mode2 File: C:/intelFPGA_lite/project/Mode2.v Line: 1
Info (12021): Found 1 design units, including 1 entities, in source file compareled.v
    Info (12023): Found entity 1: compareLED File: C:/intelFPGA_lite/project/compareLED.v Line: 1
Info (12021): Found 1 design units, including 1 entities, in source file statemachine.v
    Info (12023): Found entity 1: statemachine File: C:/intelFPGA_lite/project/statemachine.v Line: 1
Info (12021): Found 1 design units, including 1 entities, in source file shifter.v
    Info (12023): Found entity 1: shifter File: C:/intelFPGA_lite/project/shifter.v Line: 1
Info (12021): Found 1 design units, including 1 entities, in source file reactiontimer.v
    Info (12023): Found entity 1: reactiontimer File: C:/intelFPGA_lite/project/reactiontimer.v Line: 1
Info (12021): Found 1 design units, including 1 entities, in source file count.v
    Info (12023): Found entity 1: count File: C:/intelFPGA_lite/project/count.v Line: 1
Info (12021): Found 2 design units, including 2 entities, in source file multiplexer.v
    Info (12023): Found entity 1: multiplexer File: C:/intelFPGA_lite/project/multiplexer.v Line: 1
    Info (12023): Found entity 2: highscoreMUX File: C:/intelFPGA_lite/project/multiplexer.v Line: 21
Info (12021): Found 1 design units, including 1 entities, in source file statereset.v
    Info (12023): Found entity 1: statereset File: C:/intelFPGA_lite/project/statereset.v Line: 1
Info (12021): Found 1 design units, including 1 entities, in source file sonic.v
    Info (12023): Found entity 1: sonic File: C:/intelFPGA_lite/project/sonic.v Line: 1
Info (12021): Found 1 design units, including 1 entities, in source file sensor.v
    Info (12023): Found entity 1: sensor File: C:/intelFPGA_lite/project/sensor.v Line: 1
Warning (10236): Verilog HDL Implicit Net warning at reactiontimer.v(34): created implicit net for "activationALL" File: C:/intelFPGA_lite/project/reactiontimer.v Line: 34
Critical Warning (10846): Verilog HDL Instantiation warning at sensor.v(15): instance has no name File: C:/intelFPGA_lite/project/sensor.v Line: 15
Info (12127): Elaborating entity "reactiontimer" for the top level hierarchy
Info (12128): Elaborating entity "ClockDivider" for hierarchy "ClockDivider:cd" File: C:/intelFPGA_lite/project/reactiontimer.v Line: 24
Info (12128): Elaborating entity "Mode1" for hierarchy "Mode1:m1" File: C:/intelFPGA_lite/project/reactiontimer.v Line: 26
Info (12128): Elaborating entity "linearshiftR" for hierarchy "Mode1:m1|linearshiftR:lsr1" File: C:/intelFPGA_lite/project/Mode1.v Line: 23
Info (12128): Elaborating entity "delayCount" for hierarchy "Mode1:m1|delayCount:dc" File: C:/intelFPGA_lite/project/Mode1.v Line: 25
Info (12128): Elaborating entity "highscore" for hierarchy "Mode1:m1|highscore:hs1" File: C:/intelFPGA_lite/project/Mode1.v Line: 29
Warning (10230): Verilog HDL assignment warning at highscore.v(52): truncated value with size 32 to match size of target (1) File: C:/intelFPGA_lite/project/highscore.v Line: 52
Info (12128): Elaborating entity "sensor" for hierarchy "Mode1:m1|sensor:sn1" File: C:/intelFPGA_lite/project/Mode1.v Line: 54
Warning (10036): Verilog HDL or VHDL warning at sensor.v(21): object "digit1" assigned a value but never read File: C:/intelFPGA_lite/project/sensor.v Line: 21
Info (12128): Elaborating entity "sonic" for hierarchy "Mode1:m1|sensor:sn1|sonic:s" File: C:/intelFPGA_lite/project/sensor.v Line: 12
Warning (10230): Verilog HDL assignment warning at sonic.v(23): truncated value with size 32 to match size of target (10) File: C:/intelFPGA_lite/project/sonic.v Line: 23
Warning (10230): Verilog HDL assignment warning at sonic.v(24): truncated value with size 32 to match size of target (10) File: C:/intelFPGA_lite/project/sonic.v Line: 24
Warning (10230): Verilog HDL assignment warning at sonic.v(25): truncated value with size 32 to match size of target (22) File: C:/intelFPGA_lite/project/sonic.v Line: 25
Info (12128): Elaborating entity "Mode2" for hierarchy "Mode2:m2" File: C:/intelFPGA_lite/project/reactiontimer.v Line: 29
Info (12128): Elaborating entity "shifter" for hierarchy "Mode2:m2|shifter:register1" File: C:/intelFPGA_lite/project/Mode2.v Line: 43
Info (12128): Elaborating entity "statemachine" for hierarchy "Mode2:m2|statemachine:sm1" File: C:/intelFPGA_lite/project/Mode2.v Line: 47
Info (12128): Elaborating entity "compareLED" for hierarchy "Mode2:m2|compareLED:cl1" File: C:/intelFPGA_lite/project/Mode2.v Line: 51
Info (12128): Elaborating entity "lightdecoder" for hierarchy "Mode2:m2|lightdecoder:ledseries" File: C:/intelFPGA_lite/project/Mode2.v Line: 53
Info (12128): Elaborating entity "statereset" for hierarchy "statereset:sr1" File: C:/intelFPGA_lite/project/reactiontimer.v Line: 31
Info (12128): Elaborating entity "count" for hierarchy "count:counter0" File: C:/intelFPGA_lite/project/reactiontimer.v Line: 47
Info (12128): Elaborating entity "multiplexer" for hierarchy "multiplexer:mux0" File: C:/intelFPGA_lite/project/reactiontimer.v Line: 54
Info (12128): Elaborating entity "highscoreMUX" for hierarchy "highscoreMUX:hsmux" File: C:/intelFPGA_lite/project/reactiontimer.v Line: 61
Info (12128): Elaborating entity "decoder" for hierarchy "decoder:digit0" File: C:/intelFPGA_lite/project/reactiontimer.v Line: 79
Info (278001): Inferred 1 megafunctions from design logic
    Info (278004): Inferred divider/modulo megafunction ("lpm_divide") from the following logic: "Mode1:m1|sensor:sn1|sonic:s|Div0" File: C:/intelFPGA_lite/project/sonic.v Line: 34
Info (12130): Elaborated megafunction instantiation "Mode1:m1|sensor:sn1|sonic:s|lpm_divide:Div0" File: C:/intelFPGA_lite/project/sonic.v Line: 34
Info (12133): Instantiated megafunction "Mode1:m1|sensor:sn1|sonic:s|lpm_divide:Div0" with the following parameter: File: C:/intelFPGA_lite/project/sonic.v Line: 34
    Info (12134): Parameter "LPM_WIDTHN" = "33"
    Info (12134): Parameter "LPM_WIDTHD" = "6"
    Info (12134): Parameter "LPM_NREPRESENTATION" = "UNSIGNED"
    Info (12134): Parameter "LPM_DREPRESENTATION" = "UNSIGNED"
Info (12021): Found 1 design units, including 1 entities, in source file db/lpm_divide_ptl.tdf
    Info (12023): Found entity 1: lpm_divide_ptl File: C:/intelFPGA_lite/project/db/lpm_divide_ptl.tdf Line: 25
Info (12021): Found 1 design units, including 1 entities, in source file db/sign_div_unsign_rlh.tdf
    Info (12023): Found entity 1: sign_div_unsign_rlh File: C:/intelFPGA_lite/project/db/sign_div_unsign_rlh.tdf Line: 25
Info (12021): Found 1 design units, including 1 entities, in source file db/alt_u_div_0ie.tdf
    Info (12023): Found entity 1: alt_u_div_0ie File: C:/intelFPGA_lite/project/db/alt_u_div_0ie.tdf Line: 27
Info (12021): Found 1 design units, including 1 entities, in source file db/add_sub_t3c.tdf
    Info (12023): Found entity 1: add_sub_t3c File: C:/intelFPGA_lite/project/db/add_sub_t3c.tdf Line: 23
Info (12021): Found 1 design units, including 1 entities, in source file db/add_sub_u3c.tdf
    Info (12023): Found entity 1: add_sub_u3c File: C:/intelFPGA_lite/project/db/add_sub_u3c.tdf Line: 23
Warning (12241): 1 hierarchies have connectivity warnings - see the Connectivity Checks report folder
Info (13000): Registers with preset signals will power-up high File: C:/intelFPGA_lite/project/delayCount.v Line: 20
Info (13003): DEV_CLRn pin will set, and not reset, register with preset signal due to NOT Gate Push-Back
Warning (13004): Presettable and clearable registers converted to equivalent circuits with latches. Registers power-up to an undefined state, and DEVCLRn places the registers in an undefined state.
    Warning (13310): Register "Mode1:m1|delayCount:dc|counter[11]" is converted into an equivalent circuit using register "Mode1:m1|delayCount:dc|counter[11]~_emulated" and latch "Mode1:m1|delayCount:dc|counter[11]~1" File: C:/intelFPGA_lite/project/delayCount.v Line: 20
    Warning (13310): Register "Mode1:m1|delayCount:dc|counter[10]" is converted into an equivalent circuit using register "Mode1:m1|delayCount:dc|counter[10]~_emulated" and latch "Mode1:m1|delayCount:dc|counter[10]~5" File: C:/intelFPGA_lite/project/delayCount.v Line: 20
    Warning (13310): Register "Mode1:m1|delayCount:dc|counter[9]" is converted into an equivalent circuit using register "Mode1:m1|delayCount:dc|counter[9]~_emulated" and latch "Mode1:m1|delayCount:dc|counter[9]~9" File: C:/intelFPGA_lite/project/delayCount.v Line: 20
    Warning (13310): Register "Mode1:m1|delayCount:dc|counter[8]" is converted into an equivalent circuit using register "Mode1:m1|delayCount:dc|counter[8]~_emulated" and latch "Mode1:m1|delayCount:dc|counter[8]~13" File: C:/intelFPGA_lite/project/delayCount.v Line: 20
    Warning (13310): Register "Mode1:m1|delayCount:dc|counter[7]" is converted into an equivalent circuit using register "Mode1:m1|delayCount:dc|counter[7]~_emulated" and latch "Mode1:m1|delayCount:dc|counter[7]~17" File: C:/intelFPGA_lite/project/delayCount.v Line: 20
    Warning (13310): Register "Mode1:m1|delayCount:dc|counter[6]" is converted into an equivalent circuit using register "Mode1:m1|delayCount:dc|counter[6]~_emulated" and latch "Mode1:m1|delayCount:dc|counter[6]~21" File: C:/intelFPGA_lite/project/delayCount.v Line: 20
    Warning (13310): Register "Mode1:m1|delayCount:dc|counter[5]" is converted into an equivalent circuit using register "Mode1:m1|delayCount:dc|counter[5]~_emulated" and latch "Mode1:m1|delayCount:dc|counter[5]~25" File: C:/intelFPGA_lite/project/delayCount.v Line: 20
    Warning (13310): Register "Mode1:m1|delayCount:dc|counter[4]" is converted into an equivalent circuit using register "Mode1:m1|delayCount:dc|counter[4]~_emulated" and latch "Mode1:m1|delayCount:dc|counter[4]~29" File: C:/intelFPGA_lite/project/delayCount.v Line: 20
    Warning (13310): Register "Mode1:m1|delayCount:dc|counter[3]" is converted into an equivalent circuit using register "Mode1:m1|delayCount:dc|counter[3]~_emulated" and latch "Mode1:m1|delayCount:dc|counter[3]~33" File: C:/intelFPGA_lite/project/delayCount.v Line: 20
    Warning (13310): Register "Mode1:m1|delayCount:dc|counter[2]" is converted into an equivalent circuit using register "Mode1:m1|delayCount:dc|counter[2]~_emulated" and latch "Mode1:m1|delayCount:dc|counter[2]~37" File: C:/intelFPGA_lite/project/delayCount.v Line: 20
    Warning (13310): Register "Mode1:m1|delayCount:dc|counter[1]" is converted into an equivalent circuit using register "Mode1:m1|delayCount:dc|counter[1]~_emulated" and latch "Mode1:m1|delayCount:dc|counter[1]~41" File: C:/intelFPGA_lite/project/delayCount.v Line: 20
    Warning (13310): Register "Mode1:m1|delayCount:dc|counter[0]" is converted into an equivalent circuit using register "Mode1:m1|delayCount:dc|counter[0]~_emulated" and latch "Mode1:m1|delayCount:dc|counter[0]~45" File: C:/intelFPGA_lite/project/delayCount.v Line: 20
Warning (13024): Output pins are stuck at VCC or GND
    Warning (13410): Pin "d" is stuck at GND File: C:/intelFPGA_lite/project/reactiontimer.v Line: 7
Info (286030): Timing-Driven Synthesis is running
Info (17049): 8 registers lost all their fanouts during netlist optimizations.
Info (144001): Generated suppressed messages file C:/intelFPGA_lite/project/output_files/reactiontimer.map.smsg
Info (16010): Generating hard_block partition "hard_block:auto_generated_inst"
    Info (16011): Adding 0 node(s), including 0 DDIO, 0 PLL, 0 transceiver and 0 LCELL
Info (21057): Implemented 1094 device resources after synthesis - the final resource count might be different
    Info (21058): Implemented 14 input pins
    Info (21059): Implemented 54 output pins
    Info (21061): Implemented 1026 logic cells
Info: Quartus Prime Analysis & Synthesis was successful. 0 errors, 24 warnings
    Info: Peak virtual memory: 4793 megabytes
    Info: Processing ended: Tue Dec 07 04:26:13 2021
    Info: Elapsed time: 00:00:11
    Info: Total CPU time (on all processors): 00:00:21


+------------------------------------------+
; Analysis & Synthesis Suppressed Messages ;
+------------------------------------------+
The suppressed messages can be found in C:/intelFPGA_lite/project/output_files/reactiontimer.map.smsg.


